<?xml version="1.0" encoding="UTF-8"?>
<!-- Generated by org.testng.reporters.JUnitReportReporter -->
<testsuite hostname="DESKTOP-RI91OIG" failures="0" tests="1" name="com.vtiget.testScript.TicketsTestScript" time="48.785" errors="0" timestamp="2025-05-27T08:11:31 IST" skipped="0">
  <testcase classname="com.vtiget.testScript.TicketsTestScript" name="tt001CreateNewTicket" time="48.785"/>
</testsuite> <!-- com.vtiget.testScript.TicketsTestScript -->
