<?xml version="1.0" encoding="UTF-8"?>
<!-- Generated by org.testng.reporters.JUnitReportReporter -->
<testsuite hostname="DESKTOP-LOJOMDE" failures="0" tests="6" name="testxml.ClassA" time="43.666" errors="0" timestamp="2025-05-11T17:31:09 IST" skipped="0">
  <testcase classname="testxml.ClassA" name="tc01" time="7.883"/>
  <testcase classname="testxml.ClassA" name="tc02" time="5.770"/>
  <testcase classname="testxml.ClassA" name="tc01" time="6.343"/>
  <testcase classname="testxml.ClassA" name="tc02" time="13.468"/>
  <testcase classname="testxml.ClassA" name="tc02" time="8.514"/>
  <testcase classname="testxml.ClassA" name="tc01" time="1.688"/>
</testsuite> <!-- testxml.ClassA -->
