<?xml version="1.0" encoding="UTF-8"?>
<!-- Generated by org.testng.reporters.JUnitReportReporter -->
<testsuite hostname="DESKTOP-LOJOMDE" failures="0" tests="6" name="testxml.ClassC" time="259.640" errors="0" timestamp="2025-05-11T17:31:09 IST" skipped="0">
  <testcase classname="testxml.ClassC" name="tc09" time="1.668"/>
  <testcase classname="testxml.ClassC" name="tc08" time="4.056"/>
  <testcase classname="testxml.ClassC" name="tc08" time="2.101"/>
  <testcase classname="testxml.ClassC" name="tc09" time="5.490"/>
  <testcase classname="testxml.ClassC" name="tc09" time="3.768"/>
  <testcase classname="testxml.ClassC" name="tc08" time="242.557"/>
</testsuite> <!-- testxml.ClassC -->
