<?xml version="1.0" encoding="UTF-8"?>
<!-- Generated by org.testng.reporters.JUnitReportReporter -->
<testsuite hostname="DESKTOP-RI91OIG" failures="0" tests="1" name="com.vtiget.testScript.ProductAutomationScript" time="53.208" errors="0" timestamp="2025-05-26T21:08:43 IST" skipped="0">
  <testcase classname="com.vtiget.testScript.ProductAutomationScript" name="PT001createNewProductwithValidData" time="53.208"/>
</testsuite> <!-- com.vtiget.testScript.ProductAutomationScript -->
