<?xml version="1.0" encoding="UTF-8"?>
<!-- Generated by org.testng.reporters.JUnitReportReporter -->
<testsuite hostname="DESKTOP-LOJOMDE" failures="0" tests="9" name="testxml.ClassB" time="109.520" errors="0" timestamp="2025-05-11T17:31:09 IST" skipped="0">
  <testcase classname="testxml.ClassB" name="tc07" time="1.509"/>
  <testcase classname="testxml.ClassB" name="tc05" time="3.999"/>
  <testcase classname="testxml.ClassB" name="tc05" time="1.369"/>
  <testcase classname="testxml.ClassB" name="tc07" time="5.327"/>
  <testcase classname="testxml.ClassB" name="tc06" time="1.569"/>
  <testcase classname="testxml.ClassB" name="tc06" time="5.698"/>
  <testcase classname="testxml.ClassB" name="tc07" time="78.749"/>
  <testcase classname="testxml.ClassB" name="tc05" time="5.583"/>
  <testcase classname="testxml.ClassB" name="tc06" time="5.717"/>
</testsuite> <!-- testxml.ClassB -->
