<?xml version="1.0" encoding="UTF-8"?>
<!-- Generated by org.testng.reporters.JUnitReportReporter -->
<testsuite hostname="DESKTOP-LOJOMDE" failures="0" tests="2" name="testxml.ClassD" time="0.006" errors="0" timestamp="2025-05-11T16:21:43 IST" skipped="0">
  <testcase classname="testxml.ClassD" name="tc011" time="0.003"/>
  <testcase classname="testxml.ClassD" name="tc010" time="0.003"/>
</testsuite> <!-- testxml.ClassD -->
