<?xml version="1.0" encoding="UTF-8"?>
<!-- Generated by org.testng.reporters.JUnitReportReporter -->
<testsuite hostname="DESKTOP-LOJOMDE" failures="0" tests="2" name="web_Automation_QA_Assignment.saucedemo" time="12.325" errors="0" timestamp="2025-05-07T11:11:35 IST" skipped="0">
  <testcase classname="web_Automation_QA_Assignment.saucedemo" name="validateOrderSuccessFull" time="8.991"/>
  <testcase classname="web_Automation_QA_Assignment.saucedemo" name="LoginFailure" time="3.334"/>
</testsuite> <!-- web_Automation_QA_Assignment.saucedemo -->
