<?xml version="1.0" encoding="UTF-8"?>
<!-- Generated by org.testng.reporters.JUnitReportReporter -->
<testsuite hostname="DESKTOP-LOJOMDE" failures="0" tests="1" name="com.aig.jumia.testScript.smoke.VerifyPaymenFlow" time="6.602" errors="0" timestamp="2025-05-03T20:40:57 IST" skipped="0">
  <testcase classname="com.aig.jumia.testScript.smoke.VerifyPaymenFlow" name="jm001VerifyPaymentScenario" time="6.602"/>
</testsuite> <!-- com.aig.jumia.testScript.smoke.VerifyPaymenFlow -->
